<?xml version="1.0" encoding="UTF-8"?>
<coverage generated="1618594186007" clover="3.2.0">
  <project timestamp="1618594186007" name="All files">
    <metrics statements="39" coveredstatements="27" conditionals="17" coveredconditionals="5" methods="13" coveredmethods="10" elements="69" coveredelements="42" complexity="0" loc="39" ncloc="39" packages="1" files="3" classes="3"/>
    <file name="handleSubmit.js" path="E:\Project 0\Udacity-NPL-Project-FEND\NPL-from-scratch\App\client\src\handleSubmit.js">
      <metrics statements="21" coveredstatements="15" conditionals="8" coveredconditionals="2" methods="9" coveredmethods="7"/>
      <line num="3" count="3" type="stmt"/>
      <line num="6" count="3" type="stmt"/>
      <line num="7" count="2" type="stmt"/>
      <line num="8" count="2" type="cond" truecount="1" falsecount="1"/>
      <line num="9" count="2" type="stmt"/>
      <line num="11" count="0" type="stmt"/>
      <line num="14" count="2" type="stmt"/>
      <line num="15" count="0" type="stmt"/>
      <line num="16" count="2" type="stmt"/>
      <line num="20" count="3" type="stmt"/>
      <line num="21" count="1" type="stmt"/>
      <line num="25" count="3" type="stmt"/>
      <line num="26" count="1" type="stmt"/>
      <line num="27" count="1" type="stmt"/>
      <line num="28" count="1" type="stmt"/>
      <line num="29" count="1" type="cond" truecount="1" falsecount="1"/>
      <line num="30" count="0" type="stmt"/>
      <line num="31" count="0" type="stmt"/>
      <line num="32" count="0" type="cond" truecount="0" falsecount="4"/>
      <line num="33" count="0" type="stmt"/>
      <line num="37" count="1" type="stmt"/>
    </file>
    <file name="meaningCloudAPI.js" path="E:\Project 0\Udacity-NPL-Project-FEND\NPL-from-scratch\App\client\src\meaningCloudAPI.js">
      <metrics statements="8" coveredstatements="6" conditionals="2" coveredconditionals="1" methods="3" coveredmethods="2"/>
      <line num="1" count="4" type="stmt"/>
      <line num="3" count="4" type="stmt"/>
      <line num="6" count="3" type="stmt"/>
      <line num="7" count="3" type="cond" truecount="1" falsecount="1"/>
      <line num="8" count="3" type="stmt"/>
      <line num="10" count="0" type="stmt"/>
      <line num="13" count="0" type="stmt"/>
      <line num="15" count="3" type="stmt"/>
    </file>
    <file name="updateUI.js" path="E:\Project 0\Udacity-NPL-Project-FEND\NPL-from-scratch\App\client\src\updateUI.js">
      <metrics statements="10" coveredstatements="6" conditionals="7" coveredconditionals="2" methods="1" coveredmethods="1"/>
      <line num="1" count="4" type="stmt"/>
      <line num="2" count="2" type="stmt"/>
      <line num="3" count="2" type="stmt"/>
      <line num="4" count="2" type="stmt"/>
      <line num="5" count="2" type="cond" truecount="2" falsecount="3"/>
      <line num="6" count="0" type="cond" truecount="0" falsecount="2"/>
      <line num="7" count="0" type="stmt"/>
      <line num="8" count="0" type="stmt"/>
      <line num="9" count="0" type="stmt"/>
      <line num="13" count="2" type="stmt"/>
    </file>
  </project>
</coverage>
