TN:
SF:App\client\src\handleSubmit.js
FN:6,(anonymous_0)
FN:7,(anonymous_1)
FN:13,(anonymous_2)
FN:15,(anonymous_3)
FN:20,(anonymous_4)
FN:21,(anonymous_5)
FN:21,(anonymous_6)
FN:25,(anonymous_7)
FN:30,(anonymous_8)
FNF:9
FNH:7
FNDA:2,(anonymous_0)
FNDA:2,(anonymous_1)
FNDA:2,(anonymous_2)
FNDA:0,(anonymous_3)
FNDA:1,(anonymous_4)
FNDA:1,(anonymous_5)
FNDA:1,(anonymous_6)
FNDA:1,(anonymous_7)
FNDA:0,(anonymous_8)
DA:3,3
DA:6,3
DA:7,2
DA:8,2
DA:9,2
DA:11,0
DA:14,2
DA:15,0
DA:16,2
DA:20,3
DA:21,1
DA:25,3
DA:26,1
DA:27,1
DA:28,1
DA:29,1
DA:30,0
DA:31,0
DA:32,0
DA:33,0
DA:37,1
LF:21
LH:15
BRDA:8,0,0,2
BRDA:8,0,1,0
BRDA:29,1,0,0
BRDA:29,1,1,1
BRDA:32,2,0,0
BRDA:32,2,1,0
BRDA:32,3,0,0
BRDA:32,3,1,0
BRF:8
BRH:2
end_of_record
TN:
SF:App\client\src\meaningCloudAPI.js
FN:3,(anonymous_0)
FN:6,(anonymous_1)
FN:12,(anonymous_2)
FNF:3
FNH:2
FNDA:3,(anonymous_0)
FNDA:3,(anonymous_1)
FNDA:0,(anonymous_2)
DA:1,4
DA:3,4
DA:6,3
DA:7,3
DA:8,3
DA:10,0
DA:13,0
DA:15,3
LF:8
LH:6
BRDA:7,0,0,3
BRDA:7,0,1,0
BRF:2
BRH:1
end_of_record
TN:
SF:App\client\src\updateUI.js
FN:1,(anonymous_0)
FNF:1
FNH:1
FNDA:2,(anonymous_0)
DA:1,4
DA:2,2
DA:3,2
DA:4,2
DA:5,2
DA:6,0
DA:7,0
DA:8,0
DA:9,0
DA:13,2
LF:10
LH:6
BRDA:5,0,0,0
BRDA:5,0,1,2
BRDA:5,1,0,2
BRDA:5,1,1,0
BRDA:5,1,2,0
BRDA:6,2,0,0
BRDA:6,2,1,0
BRF:7
BRH:2
end_of_record
